<?xml version="1.0" encoding="UTF-8"?>
<testsuite name="nopcommerce Test"
           tests="2"
           failures="0"
           errors="0"
           skipped="0"
           time="31.295">
  <properties />
  
  
            <testcase name="verifyProductAddedToShoppingCartSuccessfully" time="30.026" classname="com.tutorialsninja.testsuite.DesktopsTest" />
                <testcase name="verifyProductArrangedInAlphabeticalOrder" time="1.269" classname="com.tutorialsninja.testsuite.DesktopsTest" />
      
</testsuite>
