<?xml version="1.0" encoding="UTF-8"?>
<testsuite name="nopcommerce Test"
           tests="3"
           failures="0"
           errors="0"
           skipped="0"
           time="5.252">
  <properties />
  
  
            <testcase name="verifyUserShouldNavigateToDesktopsPageSuccessfully" time="1.794" classname="com.tutorialsninja.testsuite.TopMenuTest" />
                <testcase name="verifyUserShouldNavigateToLaptopsAndNotebooksPageSuccessfully" time="1.711" classname="com.tutorialsninja.testsuite.TopMenuTest" />
                <testcase name="verifyUserShouldNavigateToComponentsPageSuccessfully" time="1.747" classname="com.tutorialsninja.testsuite.TopMenuTest" />
      
</testsuite>
